Using pre-set license
Built from '2020.3/staging' branch; Version is '2020.3.30f1 (1fb1bf06830e) revision 2077119'; Using compiler version '192528614'; Build Type 'Release'
OS: 'Windows 11  (10.0.22000) 64bit Core' Language: 'ru' Physical Memory: 8109 MB
BatchMode: 1, IsHumanControllingUs: 0, StartBugReporterOnCrash: 0, Is64bit: 1, IsPro: 0

COMMAND LINE ARGUMENTS:
D:\programs\2020.3.30f1\Editor\Unity.exe
-adb2
-batchMode
-noUpm
-name
AssetImportWorker0
-projectPath
C:/Users/zhvl0/Desktop/1111/unity_project/My project
-logFile
Logs/AssetImportWorker0.log
-srvPort
57073
Successfully changed project path to: C:/Users/zhvl0/Desktop/1111/unity_project/My project
C:/Users/zhvl0/Desktop/1111/unity_project/My project
Using Asset Import Pipeline V2.
Refreshing native plugins compatible for Editor in 48.40 ms, found 3 plugins.
Preloading 0 native plugins for Editor in 0.00 ms.
Initialize engine version: 2020.3.30f1 (1fb1bf06830e)
[Subsystems] Discovering subsystems at path D:/programs/2020.3.30f1/Editor/Data/Resources/UnitySubsystems
[Subsystems] Discovering subsystems at path C:/Users/zhvl0/Desktop/1111/unity_project/My project/Assets
GfxDevice: creating device client; threaded=0
Direct3D:
    Version:  Direct3D 11.0 [level 11.1]
    Renderer: NVIDIA GeForce GTX 1050 Ti (ID=0x1c82)
    Vendor:   
    VRAM:     4019 MB
    Driver:   27.21.14.5671
Initialize mono
Mono path[0] = 'D:/programs/2020.3.30f1/Editor/Data/Managed'
Mono path[1] = 'D:/programs/2020.3.30f1/Editor/Data/MonoBleedingEdge/lib/mono/unityjit'
Mono config path = 'D:/programs/2020.3.30f1/Editor/Data/MonoBleedingEdge/etc'
Using monoOptions --debugger-agent=transport=dt_socket,embedding=1,server=y,suspend=n,address=127.0.0.1:56252
Begin MonoManager ReloadAssembly
Registering precompiled unity dll's ...
Register platform support module: D:/programs/2020.3.30f1/Editor/Data/PlaybackEngines/WebGLSupport/UnityEditor.WebGL.Extensions.dll
Register platform support module: D:/programs/2020.3.30f1/Editor/Data/PlaybackEngines/WindowsStandaloneSupport/UnityEditor.WindowsStandalone.Extensions.dll
Registered in 0.001060 seconds.
Native extension for WindowsStandalone target not found
Native extension for WebGL target not found
Refreshing native plugins compatible for Editor in 47.05 ms, found 3 plugins.
Preloading 0 native plugins for Editor in 0.00 ms.
Mono: successfully reloaded assembly
- Completed reload, in  0.633 seconds
Domain Reload Profiling:
	ReloadAssembly (634ms)
		BeginReloadAssembly (58ms)
			ExecutionOrderSort (0ms)
			DisableScriptedObjects (0ms)
			BackupInstance (0ms)
			ReleaseScriptingObjects (0ms)
			CreateAndSetChildDomain (1ms)
		EndReloadAssembly (501ms)
			LoadAssemblies (57ms)
			RebuildTransferFunctionScriptingTraits (0ms)
			SetupTypeCache (161ms)
			ReleaseScriptCaches (0ms)
			RebuildScriptCaches (30ms)
			SetupLoadedEditorAssemblies (188ms)
				LogAssemblyErrors (0ms)
				InitializePlatformSupportModulesInManaged (5ms)
				SetLoadedEditorAssemblies (0ms)
				RefreshPlugins (47ms)
				BeforeProcessingInitializeOnLoad (16ms)
				ProcessInitializeOnLoadAttributes (89ms)
				ProcessInitializeOnLoadMethodAttributes (30ms)
				AfterProcessingInitializeOnLoad (0ms)
				EditorAssembliesLoaded (0ms)
			ExecutionOrderSort2 (0ms)
			AwakeInstancesAfterBackupRestoration (0ms)
Platform modules already initialized, skipping
Registering precompiled user dll's ...
Registered in 0.003493 seconds.
Begin MonoManager ReloadAssembly
Native extension for WindowsStandalone target not found
Native extension for WebGL target not found
Refreshing native plugins compatible for Editor in 45.62 ms, found 3 plugins.
Preloading 0 native plugins for Editor in 0.00 ms.
Mono: successfully reloaded assembly
- Completed reload, in  1.094 seconds
Domain Reload Profiling:
	ReloadAssembly (1095ms)
		BeginReloadAssembly (145ms)
			ExecutionOrderSort (0ms)
			DisableScriptedObjects (5ms)
			BackupInstance (0ms)
			ReleaseScriptingObjects (0ms)
			CreateAndSetChildDomain (19ms)
		EndReloadAssembly (892ms)
			LoadAssemblies (94ms)
			RebuildTransferFunctionScriptingTraits (0ms)
			SetupTypeCache (302ms)
			ReleaseScriptCaches (0ms)
			RebuildScriptCaches (47ms)
			SetupLoadedEditorAssemblies (340ms)
				LogAssemblyErrors (0ms)
				InitializePlatformSupportModulesInManaged (4ms)
				SetLoadedEditorAssemblies (0ms)
				RefreshPlugins (46ms)
				BeforeProcessingInitializeOnLoad (78ms)
				ProcessInitializeOnLoadAttributes (191ms)
				ProcessInitializeOnLoadMethodAttributes (19ms)
				AfterProcessingInitializeOnLoad (2ms)
				EditorAssembliesLoaded (0ms)
			ExecutionOrderSort2 (0ms)
			AwakeInstancesAfterBackupRestoration (6ms)
Platform modules already initialized, skipping
========================================================================
Worker process is ready to serve import requests
Launched and connected shader compiler UnityShaderCompiler.exe after 0.13 seconds
Refreshing native plugins compatible for Editor in 0.47 ms, found 3 plugins.
Preloading 0 native plugins for Editor in 0.00 ms.
Unloading 2314 Unused Serialized files (Serialized files now loaded: 0)
System memory in use before: 100.2 MB.
System memory in use after: 100.2 MB.

Unloading 31 unused Assets to reduce memory usage. Loaded Objects now: 2747.
Total: 3.105600 ms (FindLiveObjects: 0.180100 ms CreateObjectMapping: 0.103300 ms MarkObjects: 2.690900 ms  DeleteObjects: 0.130500 ms)

AssetImportParameters requested are different than current active one (requested -> active):
  custom:framework-win-MediaFoundation: 216162199b28c13a410421893ffa2e32 -> 
  custom:video-decoder-ogg-theora: a1e56fd34408186e4bbccfd4996cb3dc -> 
  custom:container-muxer-webm: aa71ff27fc2769a1b78a27578f13a17b -> 
  custom:container-demuxer-webm: 4f35f7cbe854078d1ac9338744f61a02 -> 
  custom:container-demuxer-ogg: 62fdf1f143b41e24485cea50d1cbac27 -> 
  custom:video-encoder-webm-vp8: eb34c28f22e8b96e1ab97ce403110664 -> 
  custom:video-decoder-webm-vp8: 9c59270c3fd7afecdb556c50c9e8de78 -> 
  custom:audio-decoder-ogg-vorbis: bf7c407c2cedff20999df2af8eb42d56 -> 
  custom:audio-encoder-webm-vorbis: bf7c407c2cedff20999df2af8eb42d56 -> 
========================================================================
Received Import Request.
  path: Assets/Player 1.prefab
  artifactKey: Guid(dece97fcb8c506143854cdf23ed113dd) Importer(815301076,1909f56bfc062723c751e8b465ee728b)
Start importing Assets/Player 1.prefab using Guid(dece97fcb8c506143854cdf23ed113dd) Importer(815301076,1909f56bfc062723c751e8b465ee728b)  -> (artifact id: '70b0fba55a1bace97d9adc9597dd7317') in 0.063027 seconds 
========================================================================
Received Import Request.
  Time since last request: 33.123069 seconds.
  path: Assets/ProjectCreationWindow2.prefab
  artifactKey: Guid(5877b1c84b0e0fb4c918a14c27185a2a) Importer(815301076,1909f56bfc062723c751e8b465ee728b)
Start importing Assets/ProjectCreationWindow2.prefab using Guid(5877b1c84b0e0fb4c918a14c27185a2a) Importer(815301076,1909f56bfc062723c751e8b465ee728b)  -> (artifact id: 'b1e7f97b95ca142bc68736ea5826f1a8') in 0.013739 seconds 
========================================================================
Received Import Request.
  Time since last request: 13.006458 seconds.
  path: Assets/ProjectCreationWindow2.prefab
  artifactKey: Guid(5877b1c84b0e0fb4c918a14c27185a2a) Importer(815301076,1909f56bfc062723c751e8b465ee728b)
Start importing Assets/ProjectCreationWindow2.prefab using Guid(5877b1c84b0e0fb4c918a14c27185a2a) Importer(815301076,1909f56bfc062723c751e8b465ee728b)  -> (artifact id: 'b9f15a420f39ce0e704673f8fb285dd2') in 0.007248 seconds 
========================================================================
Received Import Request.
  Time since last request: 21.620580 seconds.
  path: Assets/ProjectCreationWindow2.prefab
  artifactKey: Guid(5877b1c84b0e0fb4c918a14c27185a2a) Importer(815301076,1909f56bfc062723c751e8b465ee728b)
Start importing Assets/ProjectCreationWindow2.prefab using Guid(5877b1c84b0e0fb4c918a14c27185a2a) Importer(815301076,1909f56bfc062723c751e8b465ee728b)  -> (artifact id: 'bc920aad8847d3b513c20195b7511f46') in 0.019842 seconds 
========================================================================
Received Import Request.
  Time since last request: 8.632674 seconds.
  path: Assets/ProjectCreationWindow2.prefab
  artifactKey: Guid(5877b1c84b0e0fb4c918a14c27185a2a) Importer(815301076,1909f56bfc062723c751e8b465ee728b)
Start importing Assets/ProjectCreationWindow2.prefab using Guid(5877b1c84b0e0fb4c918a14c27185a2a) Importer(815301076,1909f56bfc062723c751e8b465ee728b)  -> (artifact id: '3f411861749f4c2b3dfcefdf5e5f31cc') in 0.125494 seconds 
========================================================================
Received Import Request.
  Time since last request: 30.381844 seconds.
  path: Assets/ProjectCreationWindow2.prefab
  artifactKey: Guid(5877b1c84b0e0fb4c918a14c27185a2a) Importer(815301076,1909f56bfc062723c751e8b465ee728b)
Start importing Assets/ProjectCreationWindow2.prefab using Guid(5877b1c84b0e0fb4c918a14c27185a2a) Importer(815301076,1909f56bfc062723c751e8b465ee728b)  -> (artifact id: 'a6dac0c44b8d35c52902e0c7822de7a8') in 0.010794 seconds 
========================================================================
Received Import Request.
  Time since last request: 9.671978 seconds.
  path: Assets/ProjectCreationWindow2.prefab
  artifactKey: Guid(5877b1c84b0e0fb4c918a14c27185a2a) Importer(815301076,1909f56bfc062723c751e8b465ee728b)
Start importing Assets/ProjectCreationWindow2.prefab using Guid(5877b1c84b0e0fb4c918a14c27185a2a) Importer(815301076,1909f56bfc062723c751e8b465ee728b)  -> (artifact id: '0d6039d2eb3ce8a9fc614b2aa29d1fe1') in 0.016868 seconds 
========================================================================
Received Import Request.
  Time since last request: 2.596373 seconds.
  path: Assets/ProjectCreationWindow2.prefab
  artifactKey: Guid(5877b1c84b0e0fb4c918a14c27185a2a) Importer(815301076,1909f56bfc062723c751e8b465ee728b)
Start importing Assets/ProjectCreationWindow2.prefab using Guid(5877b1c84b0e0fb4c918a14c27185a2a) Importer(815301076,1909f56bfc062723c751e8b465ee728b)  -> (artifact id: '8d2597886457882a3b4fbf943a8a3923') in 0.011158 seconds 
========================================================================
Received Import Request.
  Time since last request: 13.104523 seconds.
  path: Assets/ProjectCreationWindow2.prefab
  artifactKey: Guid(5877b1c84b0e0fb4c918a14c27185a2a) Importer(815301076,1909f56bfc062723c751e8b465ee728b)
Start importing Assets/ProjectCreationWindow2.prefab using Guid(5877b1c84b0e0fb4c918a14c27185a2a) Importer(815301076,1909f56bfc062723c751e8b465ee728b)  -> (artifact id: '54546c0be182c5afd5689b68140db037') in 0.011489 seconds 
========================================================================
Received Import Request.
  Time since last request: 3.026428 seconds.
  path: Assets/ProjectCreationWindow2.prefab
  artifactKey: Guid(5877b1c84b0e0fb4c918a14c27185a2a) Importer(815301076,1909f56bfc062723c751e8b465ee728b)
Start importing Assets/ProjectCreationWindow2.prefab using Guid(5877b1c84b0e0fb4c918a14c27185a2a) Importer(815301076,1909f56bfc062723c751e8b465ee728b)  -> (artifact id: '2c65589906c005ecbbf7c10044accb1b') in 0.010544 seconds 
========================================================================
Received Import Request.
  Time since last request: 9.594978 seconds.
  path: Assets/ProjectCreationWindow2.prefab
  artifactKey: Guid(5877b1c84b0e0fb4c918a14c27185a2a) Importer(815301076,1909f56bfc062723c751e8b465ee728b)
Start importing Assets/ProjectCreationWindow2.prefab using Guid(5877b1c84b0e0fb4c918a14c27185a2a) Importer(815301076,1909f56bfc062723c751e8b465ee728b)  -> (artifact id: '328a18d2db9fe4987fbff9a4208d1138') in 0.015755 seconds 
========================================================================
Received Import Request.
  Time since last request: 3.958294 seconds.
  path: Assets/ProjectCreationWindow2.prefab
  artifactKey: Guid(5877b1c84b0e0fb4c918a14c27185a2a) Importer(815301076,1909f56bfc062723c751e8b465ee728b)
Start importing Assets/ProjectCreationWindow2.prefab using Guid(5877b1c84b0e0fb4c918a14c27185a2a) Importer(815301076,1909f56bfc062723c751e8b465ee728b)  -> (artifact id: 'cae76dbdf46390c74cb0fe08b1001fa0') in 0.011329 seconds 
========================================================================
Received Import Request.
  Time since last request: 8.380278 seconds.
  path: Assets/ProjectCreationWindow2.prefab
  artifactKey: Guid(5877b1c84b0e0fb4c918a14c27185a2a) Importer(815301076,1909f56bfc062723c751e8b465ee728b)
Start importing Assets/ProjectCreationWindow2.prefab using Guid(5877b1c84b0e0fb4c918a14c27185a2a) Importer(815301076,1909f56bfc062723c751e8b465ee728b)  -> (artifact id: '4550b671935d9394a3f248518bb69f58') in 0.013195 seconds 
========================================================================
Received Import Request.
  Time since last request: 8.474038 seconds.
  path: Assets/ProjectCreationWindow2.prefab
  artifactKey: Guid(5877b1c84b0e0fb4c918a14c27185a2a) Importer(815301076,1909f56bfc062723c751e8b465ee728b)
Start importing Assets/ProjectCreationWindow2.prefab using Guid(5877b1c84b0e0fb4c918a14c27185a2a) Importer(815301076,1909f56bfc062723c751e8b465ee728b)  -> (artifact id: '62b24646d436e21dbc3d1861aab0240e') in 0.013729 seconds 
========================================================================
Received Import Request.
  Time since last request: 5.012950 seconds.
  path: Assets/ProjectCreationWindow2.prefab
  artifactKey: Guid(5877b1c84b0e0fb4c918a14c27185a2a) Importer(815301076,1909f56bfc062723c751e8b465ee728b)
Start importing Assets/ProjectCreationWindow2.prefab using Guid(5877b1c84b0e0fb4c918a14c27185a2a) Importer(815301076,1909f56bfc062723c751e8b465ee728b)  -> (artifact id: 'c8c7d8d5b606c8d58751846a822b154c') in 0.014097 seconds 
========================================================================
Received Import Request.
  Time since last request: 29.290544 seconds.
  path: Assets/ProjectCreationWindow2.prefab
  artifactKey: Guid(5877b1c84b0e0fb4c918a14c27185a2a) Importer(815301076,1909f56bfc062723c751e8b465ee728b)
Start importing Assets/ProjectCreationWindow2.prefab using Guid(5877b1c84b0e0fb4c918a14c27185a2a) Importer(815301076,1909f56bfc062723c751e8b465ee728b)  -> (artifact id: '4273094518f1f0ea4a297e1711d0b2de') in 0.009669 seconds 
========================================================================
Received Import Request.
  Time since last request: 10.246104 seconds.
  path: Assets/ProjectCreationWindow2.prefab
  artifactKey: Guid(5877b1c84b0e0fb4c918a14c27185a2a) Importer(815301076,1909f56bfc062723c751e8b465ee728b)
Start importing Assets/ProjectCreationWindow2.prefab using Guid(5877b1c84b0e0fb4c918a14c27185a2a) Importer(815301076,1909f56bfc062723c751e8b465ee728b)  -> (artifact id: 'ad5c678a22e7ddd314ad815c3e18b1c7') in 0.012333 seconds 
========================================================================
Received Import Request.
  Time since last request: 10.058922 seconds.
  path: Assets/ProjectCreationWindow2.prefab
  artifactKey: Guid(5877b1c84b0e0fb4c918a14c27185a2a) Importer(815301076,1909f56bfc062723c751e8b465ee728b)
Start importing Assets/ProjectCreationWindow2.prefab using Guid(5877b1c84b0e0fb4c918a14c27185a2a) Importer(815301076,1909f56bfc062723c751e8b465ee728b)  -> (artifact id: 'a13de63165d9ab7733afa9382db1aaef') in 0.009497 seconds 
========================================================================
Received Import Request.
  Time since last request: 4.225343 seconds.
  path: Assets/ProjectCreationWindow2.prefab
  artifactKey: Guid(5877b1c84b0e0fb4c918a14c27185a2a) Importer(815301076,1909f56bfc062723c751e8b465ee728b)
Start importing Assets/ProjectCreationWindow2.prefab using Guid(5877b1c84b0e0fb4c918a14c27185a2a) Importer(815301076,1909f56bfc062723c751e8b465ee728b)  -> (artifact id: '2bcf91f992a2e6d53e36741e2653c4fa') in 0.009447 seconds 
========================================================================
Received Import Request.
  Time since last request: 4.268512 seconds.
  path: Assets/ProjectCreationWindow2.prefab
  artifactKey: Guid(5877b1c84b0e0fb4c918a14c27185a2a) Importer(815301076,1909f56bfc062723c751e8b465ee728b)
Start importing Assets/ProjectCreationWindow2.prefab using Guid(5877b1c84b0e0fb4c918a14c27185a2a) Importer(815301076,1909f56bfc062723c751e8b465ee728b)  -> (artifact id: 'd88a9b9f55bbc9001a082e9618ffab60') in 0.014374 seconds 
========================================================================
Received Import Request.
  Time since last request: 1.169073 seconds.
  path: Assets/ProjectCreationWindow2.prefab
  artifactKey: Guid(5877b1c84b0e0fb4c918a14c27185a2a) Importer(815301076,1909f56bfc062723c751e8b465ee728b)
Start importing Assets/ProjectCreationWindow2.prefab using Guid(5877b1c84b0e0fb4c918a14c27185a2a) Importer(815301076,1909f56bfc062723c751e8b465ee728b)  -> (artifact id: 'c819e1eed9f0e993f6186c6fd05b15f4') in 0.016472 seconds 
========================================================================
Received Import Request.
  Time since last request: 15.143418 seconds.
  path: Assets/ProjectCreationWindow2.prefab
  artifactKey: Guid(5877b1c84b0e0fb4c918a14c27185a2a) Importer(815301076,1909f56bfc062723c751e8b465ee728b)
Start importing Assets/ProjectCreationWindow2.prefab using Guid(5877b1c84b0e0fb4c918a14c27185a2a) Importer(815301076,1909f56bfc062723c751e8b465ee728b)  -> (artifact id: '2a064ad5411f52b2d81dd135e148890f') in 0.013517 seconds 
========================================================================
Received Import Request.
  Time since last request: 15.561058 seconds.
  path: Assets/ProjectCreationWindow2.prefab
  artifactKey: Guid(5877b1c84b0e0fb4c918a14c27185a2a) Importer(815301076,1909f56bfc062723c751e8b465ee728b)
Start importing Assets/ProjectCreationWindow2.prefab using Guid(5877b1c84b0e0fb4c918a14c27185a2a) Importer(815301076,1909f56bfc062723c751e8b465ee728b)  -> (artifact id: '77aae0583ac30a2a5e9f58e89522a17e') in 0.011088 seconds 
========================================================================
Received Import Request.
  Time since last request: 10.593403 seconds.
  path: Assets/ProjectCreationWindow2.prefab
  artifactKey: Guid(5877b1c84b0e0fb4c918a14c27185a2a) Importer(815301076,1909f56bfc062723c751e8b465ee728b)
Start importing Assets/ProjectCreationWindow2.prefab using Guid(5877b1c84b0e0fb4c918a14c27185a2a) Importer(815301076,1909f56bfc062723c751e8b465ee728b)  -> (artifact id: 'ade87808c5b4a7eac0fe230723c8b4a0') in 0.010925 seconds 
========================================================================
Received Import Request.
  Time since last request: 7.090503 seconds.
  path: Assets/ProjectCreationWindow2.prefab
  artifactKey: Guid(5877b1c84b0e0fb4c918a14c27185a2a) Importer(815301076,1909f56bfc062723c751e8b465ee728b)
Start importing Assets/ProjectCreationWindow2.prefab using Guid(5877b1c84b0e0fb4c918a14c27185a2a) Importer(815301076,1909f56bfc062723c751e8b465ee728b)  -> (artifact id: '03544569c79322549c5a0bfbc8dc9fdf') in 0.013809 seconds 
========================================================================
Received Import Request.
  Time since last request: 9.524341 seconds.
  path: Assets/ProjectCreationWindow2.prefab
  artifactKey: Guid(5877b1c84b0e0fb4c918a14c27185a2a) Importer(815301076,1909f56bfc062723c751e8b465ee728b)
Start importing Assets/ProjectCreationWindow2.prefab using Guid(5877b1c84b0e0fb4c918a14c27185a2a) Importer(815301076,1909f56bfc062723c751e8b465ee728b)  -> (artifact id: '8e73ef1a42441fa8ce28937d207d5d1e') in 0.010925 seconds 
========================================================================
Received Import Request.
  Time since last request: 4.868624 seconds.
  path: Assets/ProjectCreationWindow2.prefab
  artifactKey: Guid(5877b1c84b0e0fb4c918a14c27185a2a) Importer(815301076,1909f56bfc062723c751e8b465ee728b)
Start importing Assets/ProjectCreationWindow2.prefab using Guid(5877b1c84b0e0fb4c918a14c27185a2a) Importer(815301076,1909f56bfc062723c751e8b465ee728b)  -> (artifact id: '743f9264aa4d5726dd52f99023e78432') in 0.012817 seconds 
========================================================================
Received Import Request.
  Time since last request: 4.239638 seconds.
  path: Assets/ProjectCreationWindow2.prefab
  artifactKey: Guid(5877b1c84b0e0fb4c918a14c27185a2a) Importer(815301076,1909f56bfc062723c751e8b465ee728b)
Start importing Assets/ProjectCreationWindow2.prefab using Guid(5877b1c84b0e0fb4c918a14c27185a2a) Importer(815301076,1909f56bfc062723c751e8b465ee728b)  -> (artifact id: '99758a9930ccaa48d7e2bc38b8af5661') in 0.013454 seconds 
========================================================================
Received Import Request.
  Time since last request: 1.785806 seconds.
  path: Assets/ProjectCreationWindow2.prefab
  artifactKey: Guid(5877b1c84b0e0fb4c918a14c27185a2a) Importer(815301076,1909f56bfc062723c751e8b465ee728b)
Start importing Assets/ProjectCreationWindow2.prefab using Guid(5877b1c84b0e0fb4c918a14c27185a2a) Importer(815301076,1909f56bfc062723c751e8b465ee728b)  -> (artifact id: '44ea3bf769759b0b91e82218b4a8db48') in 0.010142 seconds 
========================================================================
Received Import Request.
  Time since last request: 12.163955 seconds.
  path: Assets/ProjectCreationWindow2.prefab
  artifactKey: Guid(5877b1c84b0e0fb4c918a14c27185a2a) Importer(815301076,1909f56bfc062723c751e8b465ee728b)
Start importing Assets/ProjectCreationWindow2.prefab using Guid(5877b1c84b0e0fb4c918a14c27185a2a) Importer(815301076,1909f56bfc062723c751e8b465ee728b)  -> (artifact id: '804a6b271242cce055abddb9ca2ab0b0') in 0.010108 seconds 
========================================================================
Received Import Request.
  Time since last request: 60.976496 seconds.
  path: Assets/Knopka.jpg
  artifactKey: Guid(b917327d52e5daf4b98b48562c9e9334) Importer(815301076,1909f56bfc062723c751e8b465ee728b)
Start importing Assets/Knopka.jpg using Guid(b917327d52e5daf4b98b48562c9e9334) Importer(815301076,1909f56bfc062723c751e8b465ee728b)  -> (artifact id: '43d5e220efe6b54700a2dcca8f523da0') in 0.039067 seconds 
========================================================================
Received Import Request.
  Time since last request: 0.028167 seconds.
  path: Assets/ProjectCreationWindow2.prefab
  artifactKey: Guid(5877b1c84b0e0fb4c918a14c27185a2a) Importer(815301076,1909f56bfc062723c751e8b465ee728b)
Start importing Assets/ProjectCreationWindow2.prefab using Guid(5877b1c84b0e0fb4c918a14c27185a2a) Importer(815301076,1909f56bfc062723c751e8b465ee728b)  -> (artifact id: 'a7bcb347f406308724c6ef1fbfef25e6') in 0.014871 seconds 
========================================================================
Received Import Request.
  Time since last request: 19.391672 seconds.
  path: Assets/Knopka.jpg
  artifactKey: Guid(b917327d52e5daf4b98b48562c9e9334) Importer(815301076,1909f56bfc062723c751e8b465ee728b)
Start importing Assets/Knopka.jpg using Guid(b917327d52e5daf4b98b48562c9e9334) Importer(815301076,1909f56bfc062723c751e8b465ee728b)  -> (artifact id: '661d296ebabb86f30f0c3142096e43ef') in 0.011560 seconds 
========================================================================
Received Import Request.
  Time since last request: 17.374998 seconds.
  path: Assets/Knopka.jpg
  artifactKey: Guid(b917327d52e5daf4b98b48562c9e9334) Importer(815301076,1909f56bfc062723c751e8b465ee728b)
Start importing Assets/Knopka.jpg using Guid(b917327d52e5daf4b98b48562c9e9334) Importer(815301076,1909f56bfc062723c751e8b465ee728b)  -> (artifact id: '42383647776848a7663361558d3b05bf') in 0.011148 seconds 
========================================================================
Received Import Request.
  Time since last request: 8.537312 seconds.
  path: Assets/ProjectCreationWindow2.prefab
  artifactKey: Guid(5877b1c84b0e0fb4c918a14c27185a2a) Importer(815301076,1909f56bfc062723c751e8b465ee728b)
Start importing Assets/ProjectCreationWindow2.prefab using Guid(5877b1c84b0e0fb4c918a14c27185a2a) Importer(815301076,1909f56bfc062723c751e8b465ee728b)  -> (artifact id: '27f43e8b1bfbc83b290ac1eb138ad889') in 0.013258 seconds 
========================================================================
Received Import Request.
  Time since last request: 1.200233 seconds.
  path: Assets/ProjectCreationWindow2.prefab
  artifactKey: Guid(5877b1c84b0e0fb4c918a14c27185a2a) Importer(815301076,1909f56bfc062723c751e8b465ee728b)
Start importing Assets/ProjectCreationWindow2.prefab using Guid(5877b1c84b0e0fb4c918a14c27185a2a) Importer(815301076,1909f56bfc062723c751e8b465ee728b)  -> (artifact id: '6e36549d90a53911dba006b2480bad63') in 0.013612 seconds 
========================================================================
Received Import Request.
  Time since last request: 19.609498 seconds.
  path: Assets/ProjectCreationWindow2.prefab
  artifactKey: Guid(5877b1c84b0e0fb4c918a14c27185a2a) Importer(815301076,1909f56bfc062723c751e8b465ee728b)
Start importing Assets/ProjectCreationWindow2.prefab using Guid(5877b1c84b0e0fb4c918a14c27185a2a) Importer(815301076,1909f56bfc062723c751e8b465ee728b)  -> (artifact id: '8749d561d1364b4d8a23f9c017292f61') in 0.011116 seconds 
========================================================================
Received Import Request.
  Time since last request: 3.613146 seconds.
  path: Assets/ProjectCreationWindow2.prefab
  artifactKey: Guid(5877b1c84b0e0fb4c918a14c27185a2a) Importer(815301076,1909f56bfc062723c751e8b465ee728b)
Start importing Assets/ProjectCreationWindow2.prefab using Guid(5877b1c84b0e0fb4c918a14c27185a2a) Importer(815301076,1909f56bfc062723c751e8b465ee728b)  -> (artifact id: '2a89f91cf65c226ac18744acfdaa014f') in 0.009889 seconds 
========================================================================
Received Import Request.
  Time since last request: 5.240783 seconds.
  path: Assets/ProjectCreationWindow2.prefab
  artifactKey: Guid(5877b1c84b0e0fb4c918a14c27185a2a) Importer(815301076,1909f56bfc062723c751e8b465ee728b)
Start importing Assets/ProjectCreationWindow2.prefab using Guid(5877b1c84b0e0fb4c918a14c27185a2a) Importer(815301076,1909f56bfc062723c751e8b465ee728b)  -> (artifact id: 'd327d4653737b1ead58ad4085c4861a2') in 0.010202 seconds 
========================================================================
Received Import Request.
  Time since last request: 3.010784 seconds.
  path: Assets/ProjectCreationWindow2.prefab
  artifactKey: Guid(5877b1c84b0e0fb4c918a14c27185a2a) Importer(815301076,1909f56bfc062723c751e8b465ee728b)
Start importing Assets/ProjectCreationWindow2.prefab using Guid(5877b1c84b0e0fb4c918a14c27185a2a) Importer(815301076,1909f56bfc062723c751e8b465ee728b)  -> (artifact id: 'ea337470feada5f45dd54c19d250d814') in 0.010971 seconds 
========================================================================
Received Import Request.
  Time since last request: 4.014590 seconds.
  path: Assets/ProjectCreationWindow2.prefab
  artifactKey: Guid(5877b1c84b0e0fb4c918a14c27185a2a) Importer(815301076,1909f56bfc062723c751e8b465ee728b)
Start importing Assets/ProjectCreationWindow2.prefab using Guid(5877b1c84b0e0fb4c918a14c27185a2a) Importer(815301076,1909f56bfc062723c751e8b465ee728b)  -> (artifact id: '01d2ca3b6edcdf3b0c75dcc9cc777ca3') in 0.010367 seconds 
========================================================================
Received Import Request.
  Time since last request: 10.088508 seconds.
  path: Assets/ProjectCreationWindow2.prefab
  artifactKey: Guid(5877b1c84b0e0fb4c918a14c27185a2a) Importer(815301076,1909f56bfc062723c751e8b465ee728b)
Start importing Assets/ProjectCreationWindow2.prefab using Guid(5877b1c84b0e0fb4c918a14c27185a2a) Importer(815301076,1909f56bfc062723c751e8b465ee728b)  -> (artifact id: '563de9df6ddcc2b6971de367dc148a95') in 0.009698 seconds 
========================================================================
Received Import Request.
  Time since last request: 4.842644 seconds.
  path: Assets/ProjectCreationWindow2.prefab
  artifactKey: Guid(5877b1c84b0e0fb4c918a14c27185a2a) Importer(815301076,1909f56bfc062723c751e8b465ee728b)
Start importing Assets/ProjectCreationWindow2.prefab using Guid(5877b1c84b0e0fb4c918a14c27185a2a) Importer(815301076,1909f56bfc062723c751e8b465ee728b)  -> (artifact id: 'fe070cc981c55650bbe93246ac4cddf2') in 0.010794 seconds 
========================================================================
Received Import Request.
  Time since last request: 3.233780 seconds.
  path: Assets/ProjectCreationWindow2.prefab
  artifactKey: Guid(5877b1c84b0e0fb4c918a14c27185a2a) Importer(815301076,1909f56bfc062723c751e8b465ee728b)
Start importing Assets/ProjectCreationWindow2.prefab using Guid(5877b1c84b0e0fb4c918a14c27185a2a) Importer(815301076,1909f56bfc062723c751e8b465ee728b)  -> (artifact id: '82201724ceb688d25a9f86f9dcb7914c') in 0.010647 seconds 
========================================================================
Received Import Request.
  Time since last request: 3.474063 seconds.
  path: Assets/ProjectCreationWindow2.prefab
  artifactKey: Guid(5877b1c84b0e0fb4c918a14c27185a2a) Importer(815301076,1909f56bfc062723c751e8b465ee728b)
Start importing Assets/ProjectCreationWindow2.prefab using Guid(5877b1c84b0e0fb4c918a14c27185a2a) Importer(815301076,1909f56bfc062723c751e8b465ee728b)  -> (artifact id: 'e63cac6bfeac8d461b79b7ce7c4e3dac') in 0.010037 seconds 
========================================================================
Received Import Request.
  Time since last request: 1.997454 seconds.
  path: Assets/ProjectCreationWindow2.prefab
  artifactKey: Guid(5877b1c84b0e0fb4c918a14c27185a2a) Importer(815301076,1909f56bfc062723c751e8b465ee728b)
Start importing Assets/ProjectCreationWindow2.prefab using Guid(5877b1c84b0e0fb4c918a14c27185a2a) Importer(815301076,1909f56bfc062723c751e8b465ee728b)  -> (artifact id: '0e34c01521664f67941b53952108fcc1') in 0.010253 seconds 
========================================================================
Received Import Request.
  Time since last request: 11.530192 seconds.
  path: Assets/ProjectCreationWindow2.prefab
  artifactKey: Guid(5877b1c84b0e0fb4c918a14c27185a2a) Importer(815301076,1909f56bfc062723c751e8b465ee728b)
Start importing Assets/ProjectCreationWindow2.prefab using Guid(5877b1c84b0e0fb4c918a14c27185a2a) Importer(815301076,1909f56bfc062723c751e8b465ee728b)  -> (artifact id: '6abdab5e7a7d34c5063da549ecc663e9') in 0.010225 seconds 
========================================================================
Received Import Request.
  Time since last request: 4.239075 seconds.
  path: Assets/ProjectCreationWindow2.prefab
  artifactKey: Guid(5877b1c84b0e0fb4c918a14c27185a2a) Importer(815301076,1909f56bfc062723c751e8b465ee728b)
Start importing Assets/ProjectCreationWindow2.prefab using Guid(5877b1c84b0e0fb4c918a14c27185a2a) Importer(815301076,1909f56bfc062723c751e8b465ee728b)  -> (artifact id: '45fffdf2ec4848f2665373b13e491ba7') in 0.011697 seconds 
========================================================================
Received Import Request.
  Time since last request: 2.246977 seconds.
  path: Assets/ProjectCreationWindow2.prefab
  artifactKey: Guid(5877b1c84b0e0fb4c918a14c27185a2a) Importer(815301076,1909f56bfc062723c751e8b465ee728b)
Start importing Assets/ProjectCreationWindow2.prefab using Guid(5877b1c84b0e0fb4c918a14c27185a2a) Importer(815301076,1909f56bfc062723c751e8b465ee728b)  -> (artifact id: '0a98945190fa6a95ded7d60435b758bc') in 0.010049 seconds 
========================================================================
Received Import Request.
  Time since last request: 5.670066 seconds.
  path: Assets/ProjectCreationWindow2.prefab
  artifactKey: Guid(5877b1c84b0e0fb4c918a14c27185a2a) Importer(815301076,1909f56bfc062723c751e8b465ee728b)
Start importing Assets/ProjectCreationWindow2.prefab using Guid(5877b1c84b0e0fb4c918a14c27185a2a) Importer(815301076,1909f56bfc062723c751e8b465ee728b)  -> (artifact id: '91d094b132fa312cd28c4f88a29b959e') in 0.009848 seconds 
========================================================================
Received Import Request.
  Time since last request: 12.981051 seconds.
  path: Assets/ProjectCreationWindow2.prefab
  artifactKey: Guid(5877b1c84b0e0fb4c918a14c27185a2a) Importer(815301076,1909f56bfc062723c751e8b465ee728b)
Start importing Assets/ProjectCreationWindow2.prefab using Guid(5877b1c84b0e0fb4c918a14c27185a2a) Importer(815301076,1909f56bfc062723c751e8b465ee728b)  -> (artifact id: '1166c9e52d246bb39cf2f11e14b21f55') in 0.010061 seconds 
========================================================================
Received Import Request.
  Time since last request: 2.925433 seconds.
  path: Assets/ProjectCreationWindow2.prefab
  artifactKey: Guid(5877b1c84b0e0fb4c918a14c27185a2a) Importer(815301076,1909f56bfc062723c751e8b465ee728b)
Start importing Assets/ProjectCreationWindow2.prefab using Guid(5877b1c84b0e0fb4c918a14c27185a2a) Importer(815301076,1909f56bfc062723c751e8b465ee728b)  -> (artifact id: 'd3ea3bb09bc0c057860ba4ba1c8c27e8') in 0.010371 seconds 
========================================================================
Received Import Request.
  Time since last request: 0.797053 seconds.
  path: Assets/ProjectCreationWindow2.prefab
  artifactKey: Guid(5877b1c84b0e0fb4c918a14c27185a2a) Importer(815301076,1909f56bfc062723c751e8b465ee728b)
Start importing Assets/ProjectCreationWindow2.prefab using Guid(5877b1c84b0e0fb4c918a14c27185a2a) Importer(815301076,1909f56bfc062723c751e8b465ee728b)  -> (artifact id: '17f6552f468eca4d1523c7b4a783addd') in 0.010570 seconds 
========================================================================
Received Import Request.
  Time since last request: 8.512045 seconds.
  path: Assets/ProjectCreationWindow2.prefab
  artifactKey: Guid(5877b1c84b0e0fb4c918a14c27185a2a) Importer(815301076,1909f56bfc062723c751e8b465ee728b)
Start importing Assets/ProjectCreationWindow2.prefab using Guid(5877b1c84b0e0fb4c918a14c27185a2a) Importer(815301076,1909f56bfc062723c751e8b465ee728b)  -> (artifact id: '643c622a3a6ab082cfd42ef781dcd382') in 0.009671 seconds 
========================================================================
Received Import Request.
  Time since last request: 4.866122 seconds.
  path: Assets/ProjectCreationWindow2.prefab
  artifactKey: Guid(5877b1c84b0e0fb4c918a14c27185a2a) Importer(815301076,1909f56bfc062723c751e8b465ee728b)
Start importing Assets/ProjectCreationWindow2.prefab using Guid(5877b1c84b0e0fb4c918a14c27185a2a) Importer(815301076,1909f56bfc062723c751e8b465ee728b)  -> (artifact id: 'fb8c42fa4a411862678a1a70df04d4ee') in 0.010587 seconds 
========================================================================
Received Import Request.
  Time since last request: 2.417304 seconds.
  path: Assets/ProjectCreationWindow2.prefab
  artifactKey: Guid(5877b1c84b0e0fb4c918a14c27185a2a) Importer(815301076,1909f56bfc062723c751e8b465ee728b)
Start importing Assets/ProjectCreationWindow2.prefab using Guid(5877b1c84b0e0fb4c918a14c27185a2a) Importer(815301076,1909f56bfc062723c751e8b465ee728b)  -> (artifact id: 'a12b93b5d173a3c4c43304b0bb789821') in 0.009582 seconds 
========================================================================
Received Import Request.
  Time since last request: 5.015952 seconds.
  path: Assets/ProjectCreationWindow2.prefab
  artifactKey: Guid(5877b1c84b0e0fb4c918a14c27185a2a) Importer(815301076,1909f56bfc062723c751e8b465ee728b)
Start importing Assets/ProjectCreationWindow2.prefab using Guid(5877b1c84b0e0fb4c918a14c27185a2a) Importer(815301076,1909f56bfc062723c751e8b465ee728b)  -> (artifact id: 'e9bdf9bbec1bb87de87aca7fe99abe53') in 0.009624 seconds 
========================================================================
Received Import Request.
  Time since last request: 3.448257 seconds.
  path: Assets/ProjectCreationWindow2.prefab
  artifactKey: Guid(5877b1c84b0e0fb4c918a14c27185a2a) Importer(815301076,1909f56bfc062723c751e8b465ee728b)
Start importing Assets/ProjectCreationWindow2.prefab using Guid(5877b1c84b0e0fb4c918a14c27185a2a) Importer(815301076,1909f56bfc062723c751e8b465ee728b)  -> (artifact id: '4940886758813d65616d6b00a9869643') in 0.009962 seconds 
========================================================================
Received Import Request.
  Time since last request: 3.653758 seconds.
  path: Assets/ProjectCreationWindow2.prefab
  artifactKey: Guid(5877b1c84b0e0fb4c918a14c27185a2a) Importer(815301076,1909f56bfc062723c751e8b465ee728b)
Start importing Assets/ProjectCreationWindow2.prefab using Guid(5877b1c84b0e0fb4c918a14c27185a2a) Importer(815301076,1909f56bfc062723c751e8b465ee728b)  -> (artifact id: 'c2a28eda3e06fb318fb537fc5e254874') in 0.010608 seconds 
========================================================================
Received Import Request.
  Time since last request: 8.121455 seconds.
  path: Assets/ProjectCreationWindow2.prefab
  artifactKey: Guid(5877b1c84b0e0fb4c918a14c27185a2a) Importer(815301076,1909f56bfc062723c751e8b465ee728b)
Start importing Assets/ProjectCreationWindow2.prefab using Guid(5877b1c84b0e0fb4c918a14c27185a2a) Importer(815301076,1909f56bfc062723c751e8b465ee728b)  -> (artifact id: '3b784785157386fe927fa9b48b0e8013') in 0.010782 seconds 
========================================================================
Received Import Request.
  Time since last request: 15.122591 seconds.
  path: Assets/ProjectCreationWindow2.prefab
  artifactKey: Guid(5877b1c84b0e0fb4c918a14c27185a2a) Importer(815301076,1909f56bfc062723c751e8b465ee728b)
Start importing Assets/ProjectCreationWindow2.prefab using Guid(5877b1c84b0e0fb4c918a14c27185a2a) Importer(815301076,1909f56bfc062723c751e8b465ee728b)  -> (artifact id: 'ac95557466430758fd529d307e98c503') in 0.010706 seconds 
========================================================================
Received Import Request.
  Time since last request: 7.556128 seconds.
  path: Assets/ProjectCreationWindow2.prefab
  artifactKey: Guid(5877b1c84b0e0fb4c918a14c27185a2a) Importer(815301076,1909f56bfc062723c751e8b465ee728b)
Start importing Assets/ProjectCreationWindow2.prefab using Guid(5877b1c84b0e0fb4c918a14c27185a2a) Importer(815301076,1909f56bfc062723c751e8b465ee728b)  -> (artifact id: '1a3ec838fc2b976cf5d33296713c04e1') in 0.011157 seconds 
========================================================================
Received Import Request.
  Time since last request: 8.851897 seconds.
  path: Assets/ProjectCreationWindow2.prefab
  artifactKey: Guid(5877b1c84b0e0fb4c918a14c27185a2a) Importer(815301076,1909f56bfc062723c751e8b465ee728b)
Start importing Assets/ProjectCreationWindow2.prefab using Guid(5877b1c84b0e0fb4c918a14c27185a2a) Importer(815301076,1909f56bfc062723c751e8b465ee728b)  -> (artifact id: '5234ba628df2b23f2d9741782057435b') in 0.009253 seconds 
========================================================================
Received Import Request.
  Time since last request: 10.656328 seconds.
  path: Assets/ProjectCreationWindow2.prefab
  artifactKey: Guid(5877b1c84b0e0fb4c918a14c27185a2a) Importer(815301076,1909f56bfc062723c751e8b465ee728b)
Start importing Assets/ProjectCreationWindow2.prefab using Guid(5877b1c84b0e0fb4c918a14c27185a2a) Importer(815301076,1909f56bfc062723c751e8b465ee728b)  -> (artifact id: '869b85db8e3d22bbed4b90c230065122') in 0.010642 seconds 
========================================================================
Received Import Request.
  Time since last request: 3.258753 seconds.
  path: Assets/ProjectCreationWindow2.prefab
  artifactKey: Guid(5877b1c84b0e0fb4c918a14c27185a2a) Importer(815301076,1909f56bfc062723c751e8b465ee728b)
Start importing Assets/ProjectCreationWindow2.prefab using Guid(5877b1c84b0e0fb4c918a14c27185a2a) Importer(815301076,1909f56bfc062723c751e8b465ee728b)  -> (artifact id: '78f61ea694b14d59acd8a551976244c1') in 0.009072 seconds 
========================================================================
Received Import Request.
  Time since last request: 5.451897 seconds.
  path: Assets/ProjectCreationWindow2.prefab
  artifactKey: Guid(5877b1c84b0e0fb4c918a14c27185a2a) Importer(815301076,1909f56bfc062723c751e8b465ee728b)
Start importing Assets/ProjectCreationWindow2.prefab using Guid(5877b1c84b0e0fb4c918a14c27185a2a) Importer(815301076,1909f56bfc062723c751e8b465ee728b)  -> (artifact id: '3e8a9c8ec968e636e220d1cf22ab9da9') in 0.009874 seconds 
========================================================================
Received Import Request.
  Time since last request: 8.464806 seconds.
  path: Assets/ProjectCreationWindow2.prefab
  artifactKey: Guid(5877b1c84b0e0fb4c918a14c27185a2a) Importer(815301076,1909f56bfc062723c751e8b465ee728b)
Start importing Assets/ProjectCreationWindow2.prefab using Guid(5877b1c84b0e0fb4c918a14c27185a2a) Importer(815301076,1909f56bfc062723c751e8b465ee728b)  -> (artifact id: 'a92b03111b82ab728c366a1040543f5d') in 0.009441 seconds 
========================================================================
Received Import Request.
  Time since last request: 2.417258 seconds.
  path: Assets/ProjectCreationWindow2.prefab
  artifactKey: Guid(5877b1c84b0e0fb4c918a14c27185a2a) Importer(815301076,1909f56bfc062723c751e8b465ee728b)
Start importing Assets/ProjectCreationWindow2.prefab using Guid(5877b1c84b0e0fb4c918a14c27185a2a) Importer(815301076,1909f56bfc062723c751e8b465ee728b)  -> (artifact id: '6afaf0b301179125ba7771e3bf1d3044') in 0.009752 seconds 
========================================================================
Received Import Request.
  Time since last request: 5.454042 seconds.
  path: Assets/ProjectCreationWindow2.prefab
  artifactKey: Guid(5877b1c84b0e0fb4c918a14c27185a2a) Importer(815301076,1909f56bfc062723c751e8b465ee728b)
Start importing Assets/ProjectCreationWindow2.prefab using Guid(5877b1c84b0e0fb4c918a14c27185a2a) Importer(815301076,1909f56bfc062723c751e8b465ee728b)  -> (artifact id: '807d11702d106d47751c242f02959610') in 0.011582 seconds 
========================================================================
Received Import Request.
  Time since last request: 27.380600 seconds.
  path: Assets/ProjectCreationWindow2.prefab
  artifactKey: Guid(5877b1c84b0e0fb4c918a14c27185a2a) Importer(815301076,1909f56bfc062723c751e8b465ee728b)
Start importing Assets/ProjectCreationWindow2.prefab using Guid(5877b1c84b0e0fb4c918a14c27185a2a) Importer(815301076,1909f56bfc062723c751e8b465ee728b)  -> (artifact id: 'd6f290c46740d86a3a7038e6ebe3f72d') in 0.016909 seconds 
========================================================================
Received Import Request.
  Time since last request: 4.609962 seconds.
  path: Assets/ProjectCreationWindow2.prefab
  artifactKey: Guid(5877b1c84b0e0fb4c918a14c27185a2a) Importer(815301076,1909f56bfc062723c751e8b465ee728b)
Start importing Assets/ProjectCreationWindow2.prefab using Guid(5877b1c84b0e0fb4c918a14c27185a2a) Importer(815301076,1909f56bfc062723c751e8b465ee728b)  -> (artifact id: '1c21334c1c1f97ddd49fd6435c057aed') in 0.010747 seconds 
========================================================================
Received Import Request.
  Time since last request: 3.677821 seconds.
  path: Assets/ProjectCreationWindow2.prefab
  artifactKey: Guid(5877b1c84b0e0fb4c918a14c27185a2a) Importer(815301076,1909f56bfc062723c751e8b465ee728b)
Start importing Assets/ProjectCreationWindow2.prefab using Guid(5877b1c84b0e0fb4c918a14c27185a2a) Importer(815301076,1909f56bfc062723c751e8b465ee728b)  -> (artifact id: '6145a4bf72abaf8ab222032881b1267c') in 0.010218 seconds 
========================================================================
Received Import Request.
  Time since last request: 4.852376 seconds.
  path: Assets/ProjectCreationWindow2.prefab
  artifactKey: Guid(5877b1c84b0e0fb4c918a14c27185a2a) Importer(815301076,1909f56bfc062723c751e8b465ee728b)
Start importing Assets/ProjectCreationWindow2.prefab using Guid(5877b1c84b0e0fb4c918a14c27185a2a) Importer(815301076,1909f56bfc062723c751e8b465ee728b)  -> (artifact id: '719e8ee4f06f2da509face44d4702f83') in 0.010081 seconds 
========================================================================
Received Import Request.
  Time since last request: 6.039400 seconds.
  path: Assets/ProjectCreationWindow2.prefab
  artifactKey: Guid(5877b1c84b0e0fb4c918a14c27185a2a) Importer(815301076,1909f56bfc062723c751e8b465ee728b)
Start importing Assets/ProjectCreationWindow2.prefab using Guid(5877b1c84b0e0fb4c918a14c27185a2a) Importer(815301076,1909f56bfc062723c751e8b465ee728b)  -> (artifact id: 'f3da278192aaea9d90be54c8efa50895') in 0.010875 seconds 
========================================================================
Received Import Request.
  Time since last request: 22.858808 seconds.
  path: Assets/ProjectCreationWindow.cs
  artifactKey: Guid(e30aa445a8bebae4fb7c7bd9056a9c54) Importer(815301076,1909f56bfc062723c751e8b465ee728b)
Start importing Assets/ProjectCreationWindow.cs using Guid(e30aa445a8bebae4fb7c7bd9056a9c54) Importer(815301076,1909f56bfc062723c751e8b465ee728b)  -> (artifact id: 'ad57b3c41cd0553abe7ece73c9338074') in 0.006014 seconds 
========================================================================
Received Import Request.
  Time since last request: 2.801093 seconds.
  path: Assets/ProjectCreationWindow2.prefab
  artifactKey: Guid(5877b1c84b0e0fb4c918a14c27185a2a) Importer(815301076,1909f56bfc062723c751e8b465ee728b)
Start importing Assets/ProjectCreationWindow2.prefab using Guid(5877b1c84b0e0fb4c918a14c27185a2a) Importer(815301076,1909f56bfc062723c751e8b465ee728b)  -> (artifact id: '394eae55db4494fce4e3d9cf699d61c4') in 0.009605 seconds 
========================================================================
Received Import Request.
  Time since last request: 13.884142 seconds.
  path: Assets/ProjectCreationWindow2.prefab
  artifactKey: Guid(5877b1c84b0e0fb4c918a14c27185a2a) Importer(815301076,1909f56bfc062723c751e8b465ee728b)
Start importing Assets/ProjectCreationWindow2.prefab using Guid(5877b1c84b0e0fb4c918a14c27185a2a) Importer(815301076,1909f56bfc062723c751e8b465ee728b)  -> (artifact id: 'ddc8618b60b2adde5962c8c8ab41d39b') in 0.011261 seconds 
========================================================================
Received Import Request.
  Time since last request: 2.411008 seconds.
  path: Assets/ProjectCreationWindow2.prefab
  artifactKey: Guid(5877b1c84b0e0fb4c918a14c27185a2a) Importer(815301076,1909f56bfc062723c751e8b465ee728b)
Start importing Assets/ProjectCreationWindow2.prefab using Guid(5877b1c84b0e0fb4c918a14c27185a2a) Importer(815301076,1909f56bfc062723c751e8b465ee728b)  -> (artifact id: '6cd520e91cb213848eb57ce08be4b6a1') in 0.010477 seconds 
========================================================================
Received Import Request.
  Time since last request: 9.458686 seconds.
  path: Assets/ProjectCreationWindow2.prefab
  artifactKey: Guid(5877b1c84b0e0fb4c918a14c27185a2a) Importer(815301076,1909f56bfc062723c751e8b465ee728b)
Start importing Assets/ProjectCreationWindow2.prefab using Guid(5877b1c84b0e0fb4c918a14c27185a2a) Importer(815301076,1909f56bfc062723c751e8b465ee728b)  -> (artifact id: 'bbc79caf0c52bcffa9dc8f99ffc72640') in 0.010257 seconds 
========================================================================
Received Import Request.
  Time since last request: 3.418348 seconds.
  path: Assets/ProjectCreationWindow2.prefab
  artifactKey: Guid(5877b1c84b0e0fb4c918a14c27185a2a) Importer(815301076,1909f56bfc062723c751e8b465ee728b)
Start importing Assets/ProjectCreationWindow2.prefab using Guid(5877b1c84b0e0fb4c918a14c27185a2a) Importer(815301076,1909f56bfc062723c751e8b465ee728b)  -> (artifact id: 'd47989e09e2de484a34331ca4e9b2e4c') in 0.010598 seconds 
========================================================================
Received Import Request.
  Time since last request: 6.101188 seconds.
  path: Assets/ProjectCreationWindow2.prefab
  artifactKey: Guid(5877b1c84b0e0fb4c918a14c27185a2a) Importer(815301076,1909f56bfc062723c751e8b465ee728b)
Start importing Assets/ProjectCreationWindow2.prefab using Guid(5877b1c84b0e0fb4c918a14c27185a2a) Importer(815301076,1909f56bfc062723c751e8b465ee728b)  -> (artifact id: '3ffee57298310194907757b5ac90925f') in 0.011025 seconds 
========================================================================
Received Import Request.
  Time since last request: 1.251746 seconds.
  path: Assets/ProjectCreationWindow2.prefab
  artifactKey: Guid(5877b1c84b0e0fb4c918a14c27185a2a) Importer(815301076,1909f56bfc062723c751e8b465ee728b)
Start importing Assets/ProjectCreationWindow2.prefab using Guid(5877b1c84b0e0fb4c918a14c27185a2a) Importer(815301076,1909f56bfc062723c751e8b465ee728b)  -> (artifact id: '57817214506a01417e6cbac0adeed1df') in 0.010908 seconds 
========================================================================
Received Import Request.
  Time since last request: 3.149515 seconds.
  path: Assets/ProjectCreationWindow2.prefab
  artifactKey: Guid(5877b1c84b0e0fb4c918a14c27185a2a) Importer(815301076,1909f56bfc062723c751e8b465ee728b)
Start importing Assets/ProjectCreationWindow2.prefab using Guid(5877b1c84b0e0fb4c918a14c27185a2a) Importer(815301076,1909f56bfc062723c751e8b465ee728b)  -> (artifact id: '5a54c90cb833f7c0761ba40dc696831c') in 0.010696 seconds 
========================================================================
Received Prepare
Registering precompiled user dll's ...
Registered in 0.003100 seconds.
Begin MonoManager ReloadAssembly
Native extension for WindowsStandalone target not found
Native extension for WebGL target not found
Refreshing native plugins compatible for Editor in 0.58 ms, found 3 plugins.
Preloading 0 native plugins for Editor in 0.00 ms.
Mono: successfully reloaded assembly
- Completed reload, in  1.029 seconds
Domain Reload Profiling:
	ReloadAssembly (1029ms)
		BeginReloadAssembly (125ms)
			ExecutionOrderSort (0ms)
			DisableScriptedObjects (6ms)
			BackupInstance (0ms)
			ReleaseScriptingObjects (0ms)
			CreateAndSetChildDomain (44ms)
		EndReloadAssembly (850ms)
			LoadAssemblies (87ms)
			RebuildTransferFunctionScriptingTraits (0ms)
			SetupTypeCache (298ms)
			ReleaseScriptCaches (1ms)
			RebuildScriptCaches (45ms)
			SetupLoadedEditorAssemblies (298ms)
				LogAssemblyErrors (0ms)
				InitializePlatformSupportModulesInManaged (6ms)
				SetLoadedEditorAssemblies (1ms)
				RefreshPlugins (1ms)
				BeforeProcessingInitializeOnLoad (82ms)
				ProcessInitializeOnLoadAttributes (192ms)
				ProcessInitializeOnLoadMethodAttributes (15ms)
				AfterProcessingInitializeOnLoad (2ms)
				EditorAssembliesLoaded (0ms)
			ExecutionOrderSort2 (0ms)
			AwakeInstancesAfterBackupRestoration (10ms)
Platform modules already initialized, skipping
Refreshing native plugins compatible for Editor in 0.48 ms, found 3 plugins.
Preloading 0 native plugins for Editor in 0.00 ms.
Unloading 2309 Unused Serialized files (Serialized files now loaded: 0)
System memory in use before: 103.5 MB.
System memory in use after: 103.5 MB.

Unloading 22 unused Assets to reduce memory usage. Loaded Objects now: 2761.
Total: 3.132500 ms (FindLiveObjects: 0.184600 ms CreateObjectMapping: 0.101400 ms MarkObjects: 2.729500 ms  DeleteObjects: 0.116100 ms)

AssetImportParameters requested are different than current active one (requested -> active):
  custom:framework-win-MediaFoundation: 216162199b28c13a410421893ffa2e32 -> 
  custom:video-decoder-ogg-theora: a1e56fd34408186e4bbccfd4996cb3dc -> 
  custom:container-muxer-webm: aa71ff27fc2769a1b78a27578f13a17b -> 
  custom:container-demuxer-webm: 4f35f7cbe854078d1ac9338744f61a02 -> 
  custom:container-demuxer-ogg: 62fdf1f143b41e24485cea50d1cbac27 -> 
  custom:video-encoder-webm-vp8: eb34c28f22e8b96e1ab97ce403110664 -> 
  custom:video-decoder-webm-vp8: 9c59270c3fd7afecdb556c50c9e8de78 -> 
  custom:audio-decoder-ogg-vorbis: bf7c407c2cedff20999df2af8eb42d56 -> 
  custom:audio-encoder-webm-vorbis: bf7c407c2cedff20999df2af8eb42d56 -> 
========================================================================
Received Import Request.
  Time since last request: 103.914439 seconds.
  path: Assets/ProjectCreationWindow2.prefab
  artifactKey: Guid(5877b1c84b0e0fb4c918a14c27185a2a) Importer(815301076,1909f56bfc062723c751e8b465ee728b)
Start importing Assets/ProjectCreationWindow2.prefab using Guid(5877b1c84b0e0fb4c918a14c27185a2a) Importer(815301076,1909f56bfc062723c751e8b465ee728b)  -> (artifact id: '6c6b344610f25b0aadbec12840a1c1ad') in 0.077028 seconds 
========================================================================
Received Import Request.
  Time since last request: 6.373941 seconds.
  path: Assets/ProjectCreationWindow2.prefab
  artifactKey: Guid(5877b1c84b0e0fb4c918a14c27185a2a) Importer(815301076,1909f56bfc062723c751e8b465ee728b)
Start importing Assets/ProjectCreationWindow2.prefab using Guid(5877b1c84b0e0fb4c918a14c27185a2a) Importer(815301076,1909f56bfc062723c751e8b465ee728b)  -> (artifact id: 'de8575fddae9f84dc4ef3f2a7440ffb2') in 0.011132 seconds 
========================================================================
Received Import Request.
  Time since last request: 3.523564 seconds.
  path: Assets/ProjectCreationWindow2.prefab
  artifactKey: Guid(5877b1c84b0e0fb4c918a14c27185a2a) Importer(815301076,1909f56bfc062723c751e8b465ee728b)
Start importing Assets/ProjectCreationWindow2.prefab using Guid(5877b1c84b0e0fb4c918a14c27185a2a) Importer(815301076,1909f56bfc062723c751e8b465ee728b)  -> (artifact id: '6a68ae5e448f38053e57d31952d19153') in 0.011428 seconds 
========================================================================
Received Import Request.
  Time since last request: 3.879248 seconds.
  path: Assets/ProjectCreationWindow2.prefab
  artifactKey: Guid(5877b1c84b0e0fb4c918a14c27185a2a) Importer(815301076,1909f56bfc062723c751e8b465ee728b)
Start importing Assets/ProjectCreationWindow2.prefab using Guid(5877b1c84b0e0fb4c918a14c27185a2a) Importer(815301076,1909f56bfc062723c751e8b465ee728b)  -> (artifact id: 'a21de192d008af39d0a7c055c6d6c8b0') in 0.010995 seconds 
========================================================================
Received Import Request.
  Time since last request: 66.944177 seconds.
  path: Assets/addProjectB.prefab
  artifactKey: Guid(5608106dbef3a60469fb76bb0230e30a) Importer(815301076,1909f56bfc062723c751e8b465ee728b)
Start importing Assets/addProjectB.prefab using Guid(5608106dbef3a60469fb76bb0230e30a) Importer(815301076,1909f56bfc062723c751e8b465ee728b)  -> (artifact id: 'e946dacedcdf603867398c1e3a30d276') in 0.012178 seconds 
========================================================================
Received Import Request.
  Time since last request: 8.101299 seconds.
  path: Assets/addProjectB.prefab
  artifactKey: Guid(5608106dbef3a60469fb76bb0230e30a) Importer(815301076,1909f56bfc062723c751e8b465ee728b)
Start importing Assets/addProjectB.prefab using Guid(5608106dbef3a60469fb76bb0230e30a) Importer(815301076,1909f56bfc062723c751e8b465ee728b)  -> (artifact id: '0f09e782322cc40074d2e15a33b9fd59') in 0.007262 seconds 
========================================================================
Received Prepare
Registering precompiled user dll's ...
Registered in 0.002768 seconds.
Begin MonoManager ReloadAssembly
Native extension for WindowsStandalone target not found
Native extension for WebGL target not found
Refreshing native plugins compatible for Editor in 0.51 ms, found 3 plugins.
Preloading 0 native plugins for Editor in 0.00 ms.
Mono: successfully reloaded assembly
- Completed reload, in  1.007 seconds
Domain Reload Profiling:
	ReloadAssembly (1007ms)
		BeginReloadAssembly (114ms)
			ExecutionOrderSort (0ms)
			DisableScriptedObjects (6ms)
			BackupInstance (0ms)
			ReleaseScriptingObjects (0ms)
			CreateAndSetChildDomain (41ms)
		EndReloadAssembly (840ms)
			LoadAssemblies (87ms)
			RebuildTransferFunctionScriptingTraits (0ms)
			SetupTypeCache (300ms)
			ReleaseScriptCaches (2ms)
			RebuildScriptCaches (55ms)
			SetupLoadedEditorAssemblies (297ms)
				LogAssemblyErrors (0ms)
				InitializePlatformSupportModulesInManaged (5ms)
				SetLoadedEditorAssemblies (1ms)
				RefreshPlugins (1ms)
				BeforeProcessingInitializeOnLoad (86ms)
				ProcessInitializeOnLoadAttributes (188ms)
				ProcessInitializeOnLoadMethodAttributes (14ms)
				AfterProcessingInitializeOnLoad (2ms)
				EditorAssembliesLoaded (0ms)
			ExecutionOrderSort2 (0ms)
			AwakeInstancesAfterBackupRestoration (9ms)
Platform modules already initialized, skipping
Refreshing native plugins compatible for Editor in 0.50 ms, found 3 plugins.
Preloading 0 native plugins for Editor in 0.00 ms.
Unloading 2309 Unused Serialized files (Serialized files now loaded: 0)
System memory in use before: 103.6 MB.
System memory in use after: 103.6 MB.

Unloading 22 unused Assets to reduce memory usage. Loaded Objects now: 2764.
Total: 3.102200 ms (FindLiveObjects: 0.186500 ms CreateObjectMapping: 0.095700 ms MarkObjects: 2.696200 ms  DeleteObjects: 0.123100 ms)

AssetImportParameters requested are different than current active one (requested -> active):
  custom:framework-win-MediaFoundation: 216162199b28c13a410421893ffa2e32 -> 
  custom:video-decoder-ogg-theora: a1e56fd34408186e4bbccfd4996cb3dc -> 
  custom:container-muxer-webm: aa71ff27fc2769a1b78a27578f13a17b -> 
  custom:container-demuxer-webm: 4f35f7cbe854078d1ac9338744f61a02 -> 
  custom:container-demuxer-ogg: 62fdf1f143b41e24485cea50d1cbac27 -> 
  custom:video-encoder-webm-vp8: eb34c28f22e8b96e1ab97ce403110664 -> 
  custom:video-decoder-webm-vp8: 9c59270c3fd7afecdb556c50c9e8de78 -> 
  custom:audio-decoder-ogg-vorbis: bf7c407c2cedff20999df2af8eb42d56 -> 
  custom:audio-encoder-webm-vorbis: bf7c407c2cedff20999df2af8eb42d56 -> 
========================================================================
Received Prepare
Registering precompiled user dll's ...
Registered in 0.002698 seconds.
Begin MonoManager ReloadAssembly
Native extension for WindowsStandalone target not found
Native extension for WebGL target not found
Refreshing native plugins compatible for Editor in 0.74 ms, found 3 plugins.
Preloading 0 native plugins for Editor in 0.00 ms.
Mono: successfully reloaded assembly
- Completed reload, in  1.004 seconds
Domain Reload Profiling:
	ReloadAssembly (1005ms)
		BeginReloadAssembly (105ms)
			ExecutionOrderSort (0ms)
			DisableScriptedObjects (6ms)
			BackupInstance (0ms)
			ReleaseScriptingObjects (0ms)
			CreateAndSetChildDomain (34ms)
		EndReloadAssembly (844ms)
			LoadAssemblies (87ms)
			RebuildTransferFunctionScriptingTraits (0ms)
			SetupTypeCache (289ms)
			ReleaseScriptCaches (1ms)
			RebuildScriptCaches (46ms)
			SetupLoadedEditorAssemblies (296ms)
				LogAssemblyErrors (0ms)
				InitializePlatformSupportModulesInManaged (5ms)
				SetLoadedEditorAssemblies (1ms)
				RefreshPlugins (1ms)
				BeforeProcessingInitializeOnLoad (87ms)
				ProcessInitializeOnLoadAttributes (187ms)
				ProcessInitializeOnLoadMethodAttributes (14ms)
				AfterProcessingInitializeOnLoad (2ms)
				EditorAssembliesLoaded (0ms)
			ExecutionOrderSort2 (0ms)
			AwakeInstancesAfterBackupRestoration (9ms)
Platform modules already initialized, skipping
Refreshing native plugins compatible for Editor in 0.67 ms, found 3 plugins.
Preloading 0 native plugins for Editor in 0.00 ms.
Unloading 2309 Unused Serialized files (Serialized files now loaded: 0)
System memory in use before: 103.6 MB.
System memory in use after: 103.6 MB.

Unloading 20 unused Assets to reduce memory usage. Loaded Objects now: 2766.
Total: 3.881900 ms (FindLiveObjects: 0.256000 ms CreateObjectMapping: 0.174600 ms MarkObjects: 3.325200 ms  DeleteObjects: 0.125200 ms)

AssetImportParameters requested are different than current active one (requested -> active):
  custom:framework-win-MediaFoundation: 216162199b28c13a410421893ffa2e32 -> 
  custom:video-decoder-ogg-theora: a1e56fd34408186e4bbccfd4996cb3dc -> 
  custom:container-muxer-webm: aa71ff27fc2769a1b78a27578f13a17b -> 
  custom:container-demuxer-webm: 4f35f7cbe854078d1ac9338744f61a02 -> 
  custom:container-demuxer-ogg: 62fdf1f143b41e24485cea50d1cbac27 -> 
  custom:video-encoder-webm-vp8: eb34c28f22e8b96e1ab97ce403110664 -> 
  custom:video-decoder-webm-vp8: 9c59270c3fd7afecdb556c50c9e8de78 -> 
  custom:audio-decoder-ogg-vorbis: bf7c407c2cedff20999df2af8eb42d56 -> 
  custom:audio-encoder-webm-vorbis: bf7c407c2cedff20999df2af8eb42d56 -> 
========================================================================
Received Import Request.
  Time since last request: 84.269507 seconds.
  path: Assets/addProjectB.prefab
  artifactKey: Guid(5608106dbef3a60469fb76bb0230e30a) Importer(815301076,1909f56bfc062723c751e8b465ee728b)
Start importing Assets/addProjectB.prefab using Guid(5608106dbef3a60469fb76bb0230e30a) Importer(815301076,1909f56bfc062723c751e8b465ee728b)  -> (artifact id: '844ef749eaab9601fa4f9e48804d7d46') in 0.053291 seconds 
========================================================================
Received Prepare
Registering precompiled user dll's ...
Registered in 0.002793 seconds.
Begin MonoManager ReloadAssembly
Native extension for WindowsStandalone target not found
Native extension for WebGL target not found
Refreshing native plugins compatible for Editor in 0.51 ms, found 3 plugins.
Preloading 0 native plugins for Editor in 0.00 ms.
Mono: successfully reloaded assembly
- Completed reload, in  1.014 seconds
Domain Reload Profiling:
	ReloadAssembly (1015ms)
		BeginReloadAssembly (109ms)
			ExecutionOrderSort (0ms)
			DisableScriptedObjects (7ms)
			BackupInstance (0ms)
			ReleaseScriptingObjects (0ms)
			CreateAndSetChildDomain (35ms)
		EndReloadAssembly (852ms)
			LoadAssemblies (91ms)
			RebuildTransferFunctionScriptingTraits (0ms)
			SetupTypeCache (283ms)
			ReleaseScriptCaches (1ms)
			RebuildScriptCaches (62ms)
			SetupLoadedEditorAssemblies (312ms)
				LogAssemblyErrors (0ms)
				InitializePlatformSupportModulesInManaged (5ms)
				SetLoadedEditorAssemblies (1ms)
				RefreshPlugins (1ms)
				BeforeProcessingInitializeOnLoad (96ms)
				ProcessInitializeOnLoadAttributes (194ms)
				ProcessInitializeOnLoadMethodAttributes (15ms)
				AfterProcessingInitializeOnLoad (2ms)
				EditorAssembliesLoaded (0ms)
			ExecutionOrderSort2 (0ms)
			AwakeInstancesAfterBackupRestoration (8ms)
Platform modules already initialized, skipping
Refreshing native plugins compatible for Editor in 0.57 ms, found 3 plugins.
Preloading 0 native plugins for Editor in 0.00 ms.
Unloading 2309 Unused Serialized files (Serialized files now loaded: 0)
System memory in use before: 103.6 MB.
System memory in use after: 103.7 MB.

Unloading 22 unused Assets to reduce memory usage. Loaded Objects now: 2768.
Total: 3.541100 ms (FindLiveObjects: 0.197200 ms CreateObjectMapping: 0.110900 ms MarkObjects: 3.073800 ms  DeleteObjects: 0.157800 ms)

AssetImportParameters requested are different than current active one (requested -> active):
  custom:framework-win-MediaFoundation: 216162199b28c13a410421893ffa2e32 -> 
  custom:video-decoder-ogg-theora: a1e56fd34408186e4bbccfd4996cb3dc -> 
  custom:container-muxer-webm: aa71ff27fc2769a1b78a27578f13a17b -> 
  custom:container-demuxer-webm: 4f35f7cbe854078d1ac9338744f61a02 -> 
  custom:container-demuxer-ogg: 62fdf1f143b41e24485cea50d1cbac27 -> 
  custom:video-encoder-webm-vp8: eb34c28f22e8b96e1ab97ce403110664 -> 
  custom:video-decoder-webm-vp8: 9c59270c3fd7afecdb556c50c9e8de78 -> 
  custom:audio-decoder-ogg-vorbis: bf7c407c2cedff20999df2af8eb42d56 -> 
  custom:audio-encoder-webm-vorbis: bf7c407c2cedff20999df2af8eb42d56 -> 
========================================================================
Received Prepare
Registering precompiled user dll's ...
Registered in 0.002793 seconds.
Begin MonoManager ReloadAssembly
Native extension for WindowsStandalone target not found
Native extension for WebGL target not found
Refreshing native plugins compatible for Editor in 0.51 ms, found 3 plugins.
Preloading 0 native plugins for Editor in 0.00 ms.
Mono: successfully reloaded assembly
- Completed reload, in  1.039 seconds
Domain Reload Profiling:
	ReloadAssembly (1039ms)
		BeginReloadAssembly (111ms)
			ExecutionOrderSort (0ms)
			DisableScriptedObjects (6ms)
			BackupInstance (0ms)
			ReleaseScriptingObjects (0ms)
			CreateAndSetChildDomain (36ms)
		EndReloadAssembly (867ms)
			LoadAssemblies (95ms)
			RebuildTransferFunctionScriptingTraits (0ms)
			SetupTypeCache (311ms)
			ReleaseScriptCaches (1ms)
			RebuildScriptCaches (54ms)
			SetupLoadedEditorAssemblies (301ms)
				LogAssemblyErrors (0ms)
				InitializePlatformSupportModulesInManaged (5ms)
				SetLoadedEditorAssemblies (1ms)
				RefreshPlugins (1ms)
				BeforeProcessingInitializeOnLoad (82ms)
				ProcessInitializeOnLoadAttributes (195ms)
				ProcessInitializeOnLoadMethodAttributes (15ms)
				AfterProcessingInitializeOnLoad (2ms)
				EditorAssembliesLoaded (0ms)
			ExecutionOrderSort2 (0ms)
			AwakeInstancesAfterBackupRestoration (9ms)
Platform modules already initialized, skipping
Refreshing native plugins compatible for Editor in 0.53 ms, found 3 plugins.
Preloading 0 native plugins for Editor in 0.00 ms.
Unloading 2309 Unused Serialized files (Serialized files now loaded: 0)
System memory in use before: 103.5 MB.
System memory in use after: 103.6 MB.

Unloading 20 unused Assets to reduce memory usage. Loaded Objects now: 2770.
Total: 3.961800 ms (FindLiveObjects: 0.258500 ms CreateObjectMapping: 0.131700 ms MarkObjects: 3.443900 ms  DeleteObjects: 0.126500 ms)

AssetImportParameters requested are different than current active one (requested -> active):
  custom:framework-win-MediaFoundation: 216162199b28c13a410421893ffa2e32 -> 
  custom:video-decoder-ogg-theora: a1e56fd34408186e4bbccfd4996cb3dc -> 
  custom:container-muxer-webm: aa71ff27fc2769a1b78a27578f13a17b -> 
  custom:container-demuxer-webm: 4f35f7cbe854078d1ac9338744f61a02 -> 
  custom:container-demuxer-ogg: 62fdf1f143b41e24485cea50d1cbac27 -> 
  custom:video-encoder-webm-vp8: eb34c28f22e8b96e1ab97ce403110664 -> 
  custom:video-decoder-webm-vp8: 9c59270c3fd7afecdb556c50c9e8de78 -> 
  custom:audio-decoder-ogg-vorbis: bf7c407c2cedff20999df2af8eb42d56 -> 
  custom:audio-encoder-webm-vorbis: bf7c407c2cedff20999df2af8eb42d56 -> 
========================================================================
Received Import Request.
  Time since last request: 183.032908 seconds.
  path: Assets/ProjectCreationWindow2.prefab
  artifactKey: Guid(5877b1c84b0e0fb4c918a14c27185a2a) Importer(815301076,1909f56bfc062723c751e8b465ee728b)
Start importing Assets/ProjectCreationWindow2.prefab using Guid(5877b1c84b0e0fb4c918a14c27185a2a) Importer(815301076,1909f56bfc062723c751e8b465ee728b)  -> (artifact id: '9c9c8cf75c77ef7be9b28fe123e00122') in 0.103964 seconds 
========================================================================
Received Import Request.
  Time since last request: 18.043208 seconds.
  path: Assets/addProjectB.prefab
  artifactKey: Guid(5608106dbef3a60469fb76bb0230e30a) Importer(815301076,1909f56bfc062723c751e8b465ee728b)
Start importing Assets/addProjectB.prefab using Guid(5608106dbef3a60469fb76bb0230e30a) Importer(815301076,1909f56bfc062723c751e8b465ee728b)  -> (artifact id: '30ffcd9b4f0b15804aa163be2d14ac59') in 0.007751 seconds 
========================================================================
Received Import Request.
  Time since last request: 11.694631 seconds.
  path: Assets/addProjectB.prefab
  artifactKey: Guid(5608106dbef3a60469fb76bb0230e30a) Importer(815301076,1909f56bfc062723c751e8b465ee728b)
Start importing Assets/addProjectB.prefab using Guid(5608106dbef3a60469fb76bb0230e30a) Importer(815301076,1909f56bfc062723c751e8b465ee728b)  -> (artifact id: '6f5c03de1cdc5e0928146932e6d4ec8a') in 0.006429 seconds 
========================================================================
Received Import Request.
  Time since last request: 12.133742 seconds.
  path: Assets/addProjectB.prefab
  artifactKey: Guid(5608106dbef3a60469fb76bb0230e30a) Importer(815301076,1909f56bfc062723c751e8b465ee728b)
Start importing Assets/addProjectB.prefab using Guid(5608106dbef3a60469fb76bb0230e30a) Importer(815301076,1909f56bfc062723c751e8b465ee728b)  -> (artifact id: '6de21454f3d946162f83bf9dada7186d') in 0.006130 seconds 
========================================================================
Received Import Request.
  Time since last request: 17.303068 seconds.
  path: Assets/addProjectB.prefab
  artifactKey: Guid(5608106dbef3a60469fb76bb0230e30a) Importer(815301076,1909f56bfc062723c751e8b465ee728b)
Start importing Assets/addProjectB.prefab using Guid(5608106dbef3a60469fb76bb0230e30a) Importer(815301076,1909f56bfc062723c751e8b465ee728b)  -> (artifact id: '9ac9eb84528d381e5a17031055054092') in 0.007353 seconds 
========================================================================
Received Import Request.
  Time since last request: 23.363586 seconds.
  path: Assets/addProjectB.prefab
  artifactKey: Guid(5608106dbef3a60469fb76bb0230e30a) Importer(815301076,1909f56bfc062723c751e8b465ee728b)
Start importing Assets/addProjectB.prefab using Guid(5608106dbef3a60469fb76bb0230e30a) Importer(815301076,1909f56bfc062723c751e8b465ee728b)  -> (artifact id: 'eb7665c4d88ba373eacd58dc4692747b') in 0.007421 seconds 
========================================================================
Received Prepare
Registering precompiled user dll's ...
Registered in 0.003684 seconds.
Begin MonoManager ReloadAssembly
Native extension for WindowsStandalone target not found
Native extension for WebGL target not found
Refreshing native plugins compatible for Editor in 0.52 ms, found 3 plugins.
Preloading 0 native plugins for Editor in 0.00 ms.
Mono: successfully reloaded assembly
- Completed reload, in  2.284 seconds
Domain Reload Profiling:
	ReloadAssembly (2284ms)
		BeginReloadAssembly (206ms)
			ExecutionOrderSort (0ms)
			DisableScriptedObjects (11ms)
			BackupInstance (0ms)
			ReleaseScriptingObjects (0ms)
			CreateAndSetChildDomain (87ms)
		EndReloadAssembly (1848ms)
			LoadAssemblies (252ms)
			RebuildTransferFunctionScriptingTraits (0ms)
			SetupTypeCache (1083ms)
			ReleaseScriptCaches (2ms)
			RebuildScriptCaches (60ms)
			SetupLoadedEditorAssemblies (344ms)
				LogAssemblyErrors (0ms)
				InitializePlatformSupportModulesInManaged (8ms)
				SetLoadedEditorAssemblies (0ms)
				RefreshPlugins (1ms)
				BeforeProcessingInitializeOnLoad (101ms)
				ProcessInitializeOnLoadAttributes (215ms)
				ProcessInitializeOnLoadMethodAttributes (16ms)
				AfterProcessingInitializeOnLoad (2ms)
				EditorAssembliesLoaded (0ms)
			ExecutionOrderSort2 (0ms)
			AwakeInstancesAfterBackupRestoration (13ms)
Platform modules already initialized, skipping
Refreshing native plugins compatible for Editor in 0.48 ms, found 3 plugins.
Preloading 0 native plugins for Editor in 0.00 ms.
Unloading 2309 Unused Serialized files (Serialized files now loaded: 0)
System memory in use before: 103.6 MB.
System memory in use after: 103.7 MB.

Unloading 22 unused Assets to reduce memory usage. Loaded Objects now: 2773.
Total: 4.451000 ms (FindLiveObjects: 0.208600 ms CreateObjectMapping: 0.146500 ms MarkObjects: 3.960900 ms  DeleteObjects: 0.133600 ms)

AssetImportParameters requested are different than current active one (requested -> active):
  custom:framework-win-MediaFoundation: 216162199b28c13a410421893ffa2e32 -> 
  custom:video-decoder-ogg-theora: a1e56fd34408186e4bbccfd4996cb3dc -> 
  custom:container-muxer-webm: aa71ff27fc2769a1b78a27578f13a17b -> 
  custom:container-demuxer-webm: 4f35f7cbe854078d1ac9338744f61a02 -> 
  custom:container-demuxer-ogg: 62fdf1f143b41e24485cea50d1cbac27 -> 
  custom:video-encoder-webm-vp8: eb34c28f22e8b96e1ab97ce403110664 -> 
  custom:video-decoder-webm-vp8: 9c59270c3fd7afecdb556c50c9e8de78 -> 
  custom:audio-decoder-ogg-vorbis: bf7c407c2cedff20999df2af8eb42d56 -> 
  custom:audio-encoder-webm-vorbis: bf7c407c2cedff20999df2af8eb42d56 -> 
========================================================================
Received Prepare
Registering precompiled user dll's ...
Registered in 0.005975 seconds.
Begin MonoManager ReloadAssembly
Native extension for WindowsStandalone target not found
Native extension for WebGL target not found
Refreshing native plugins compatible for Editor in 0.55 ms, found 3 plugins.
Preloading 0 native plugins for Editor in 0.00 ms.
Mono: successfully reloaded assembly
- Completed reload, in  1.030 seconds
Domain Reload Profiling:
	ReloadAssembly (1030ms)
		BeginReloadAssembly (118ms)
			ExecutionOrderSort (0ms)
			DisableScriptedObjects (7ms)
			BackupInstance (0ms)
			ReleaseScriptingObjects (0ms)
			CreateAndSetChildDomain (41ms)
		EndReloadAssembly (856ms)
			LoadAssemblies (94ms)
			RebuildTransferFunctionScriptingTraits (0ms)
			SetupTypeCache (297ms)
			ReleaseScriptCaches (1ms)
			RebuildScriptCaches (45ms)
			SetupLoadedEditorAssemblies (315ms)
				LogAssemblyErrors (0ms)
				InitializePlatformSupportModulesInManaged (6ms)
				SetLoadedEditorAssemblies (1ms)
				RefreshPlugins (1ms)
				BeforeProcessingInitializeOnLoad (87ms)
				ProcessInitializeOnLoadAttributes (203ms)
				ProcessInitializeOnLoadMethodAttributes (16ms)
				AfterProcessingInitializeOnLoad (2ms)
				EditorAssembliesLoaded (0ms)
			ExecutionOrderSort2 (0ms)
			AwakeInstancesAfterBackupRestoration (10ms)
Platform modules already initialized, skipping
Refreshing native plugins compatible for Editor in 0.53 ms, found 3 plugins.
Preloading 0 native plugins for Editor in 0.00 ms.
Unloading 2309 Unused Serialized files (Serialized files now loaded: 0)
System memory in use before: 103.6 MB.
System memory in use after: 103.7 MB.

Unloading 20 unused Assets to reduce memory usage. Loaded Objects now: 2775.
Total: 3.599800 ms (FindLiveObjects: 0.202700 ms CreateObjectMapping: 0.150100 ms MarkObjects: 3.122100 ms  DeleteObjects: 0.123900 ms)

AssetImportParameters requested are different than current active one (requested -> active):
  custom:framework-win-MediaFoundation: 216162199b28c13a410421893ffa2e32 -> 
  custom:video-decoder-ogg-theora: a1e56fd34408186e4bbccfd4996cb3dc -> 
  custom:container-muxer-webm: aa71ff27fc2769a1b78a27578f13a17b -> 
  custom:container-demuxer-webm: 4f35f7cbe854078d1ac9338744f61a02 -> 
  custom:container-demuxer-ogg: 62fdf1f143b41e24485cea50d1cbac27 -> 
  custom:video-encoder-webm-vp8: eb34c28f22e8b96e1ab97ce403110664 -> 
  custom:video-decoder-webm-vp8: 9c59270c3fd7afecdb556c50c9e8de78 -> 
  custom:audio-decoder-ogg-vorbis: bf7c407c2cedff20999df2af8eb42d56 -> 
  custom:audio-encoder-webm-vorbis: bf7c407c2cedff20999df2af8eb42d56 -> 
AssetImportWorkerClient::OnTransportError - code=2 error=End of file
